============================================================
  Generated by:           Genus(TM) Synthesis Solution 21.14-s082_1
  Generated on:           Apr 25 2025  02:41:51 pm
  Module:                 calculator_fsm
  Operating conditions:   slow (balanced_tree)
  Wireload mode:          enclosed
  Area mode:              timing library
============================================================


Path 1: MET (594 ps) Setup Check with Pin result_reg[0]25/CK->D
          Group: clk
     Startpoint: (F) B[1]
          Clock: (R) clk
       Endpoint: (F) result_reg[0]25/D
          Clock: (R) clk

                     Capture       Launch     
        Clock Edge:+   12000            0     
        Drv Adjust:+       0            0     
       Src Latency:+       0            0     
       Net Latency:+       0 (I)        0 (I) 
           Arrival:=   12000            0     
                                              
             Setup:-     -47                  
       Uncertainty:-      20                  
     Required Time:=   12027                  
      Launch Clock:-       0                  
       Input Delay:-    1500                  
         Data Path:-    9933                  
             Slack:=     594                  

Exceptions/Constraints:
  input_delay             1500            alu_fsm_input.sdc_line_12_28_1 

#------------------------------------------------------------------------------------------------
#    Timing Point      Flags    Arc    Edge   Cell     Fanout  Load Trans Delay Arrival Instance 
#                                                              (fF)  (ps)  (ps)   (ps)  Location 
#------------------------------------------------------------------------------------------------
  B[1]                 -       -       F     (arrival)     56 167.2   100     0    1500    (-,-) 
  div_38_50_g25080/Y   -       A->Y    R     CLKINVX20     17  45.0    55    58    1558    (-,-) 
  div_38_50_g25050/Y   -       B->Y    F     NOR2X6         2   6.7    39    39    1597    (-,-) 
  div_38_50_g24963/Y   -       A->Y    R     CLKINVX8       3   5.9    22    26    1623    (-,-) 
  div_38_50_g24929/Y   -       A0->Y   F     AOI21X4        2   3.9    76    62    1684    (-,-) 
  div_38_50_g24910/Y   -       B1->Y   R     AOI221X4       3   5.5   144   117    1801    (-,-) 
  div_38_50_g24891/Y   -       A2->Y   F     OAI31X4        3   4.0    90   104    1905    (-,-) 
  div_38_50_g24882/Y   -       B->Y    R     NAND2X2        1   3.0    43    53    1958    (-,-) 
  div_38_50_g24873/Y   -       A1->Y   F     OAI211X4       3   5.3   151   114    2072    (-,-) 
  div_38_50_g24872/Y   -       A->Y    R     CLKINVX4       3   7.3    59    72    2144    (-,-) 
  div_38_50_g24851/Y   -       A2->Y   F     OAI31X4        2   2.5    78    68    2212    (-,-) 
  div_38_50_g24850/Y   -       A->Y    R     CLKINVX2       2   4.3    44    50    2262    (-,-) 
  div_38_50_g24842/PPN -       S->PPN  R     BMXIX2         7  19.0   196   377    2639    (-,-) 
  div_38_50_g24836/Y   -       B->Y    F     NAND2X8        3  11.7   103   109    2748    (-,-) 
  div_38_50_g24814/Y   -       C->Y    R     NOR4X8         4   6.2   139   118    2866    (-,-) 
  div_38_50_g24810/Y   -       B->Y    F     NOR2X4         3   5.4    52    72    2938    (-,-) 
  div_38_50_g24806/Y   -       A1->Y   R     OAI21X2        1   2.9    84    65    3003    (-,-) 
  div_38_50_g24802/Y   -       B0->Y   F     OAI21X4        7  11.1   132   104    3107    (-,-) 
  div_38_50_g24791/CON -       CI->CON R     ACHCONX2       4   8.2   243   133    3240    (-,-) 
  div_38_50_g25110/Y   -       A1->Y   R     OA21X4         1   3.0    50   212    3452    (-,-) 
  div_38_50_g24770/Y   -       A1->Y   F     OAI21X4        2   5.9    96    74    3526    (-,-) 
  div_38_50_g24766/Y   -       A2->Y   R     AOI31X4        1   6.4    94    90    3616    (-,-) 
  div_38_50_g24763/Y   -       C->Y    F     NOR3X8         3   8.2    49    55    3672    (-,-) 
  div_38_50_g25123/Y   -       AN->Y   F     NOR2BX4        6   8.5    71   132    3804    (-,-) 
  div_38_50_g24752/Y   -       B->Y    R     NOR2X2         2   2.3    64    56    3860    (-,-) 
  div_38_50_g24741/Y   -       A1N->Y  R     OAI2BB1X4      6  10.1    80   160    4020    (-,-) 
  div_38_50_g24709/CO  -       CI->CO  R     ADDFHX1        1   2.2    72   180    4200    (-,-) 
  div_38_50_g24708/Y   -       A->Y    F     CLKINVX3       2   2.3    26    40    4240    (-,-) 
  div_38_50_g25109/Y   -       A1->Y   F     OA21X4         2   2.3    48   134    4374    (-,-) 
  div_38_50_g25106/Y   -       A1->Y   F     OA21X4         2   4.3    56   145    4520    (-,-) 
  div_38_50_g24680/Y   -       A1->Y   R     OAI21X4        2   4.3    74    60    4579    (-,-) 
  div_38_50_g24673/Y   -       A1->Y   F     AOI21X4        1   6.1    93    82    4662    (-,-) 
  div_38_50_g24669/Y   -       B->Y    R     NOR2X8         5  18.1   100    79    4741    (-,-) 
  div_38_50_g25119/Y   -       AN->Y   R     NOR2BX4        3   6.1    80   172    4914    (-,-) 
  div_38_50_g24650/Y   -       A1->Y   R     AO21X4         9  24.8   126   202    5116    (-,-) 
  div_38_50_g24633/Y   -       B->Y    F     NOR2X4         1   0.8    34    58    5174    (-,-) 
  div_38_50_g25101/Y   -       A0->Y   F     OA21X4         2   4.3    56   148    5322    (-,-) 
  div_38_50_g24604/Y   -       A1->Y   R     OAI21X4        1   2.2    59    52    5374    (-,-) 
  div_38_50_g24595/CO  -       CI->CO  R     ADDFHX1        1   2.5    76   176    5549    (-,-) 
  div_38_50_g24590/CO  -       CI->CO  R     ADDFHX4        2   4.4    68   193    5742    (-,-) 
  div_38_50_g24585/Y   -       A1->Y   F     OAI221X4       1   2.9   139   130    5872    (-,-) 
  div_38_50_g24584/Y   -       C0->Y   R     OAI221X4       1   2.9   107    67    5939    (-,-) 
  div_38_50_g24579/Y   -       C0->Y   F     OAI211X4       2   8.8   193   144    6083    (-,-) 
  div_38_50_g24564/Y   -       A->Y    R     NAND2X8        9  25.5    93   100    6183    (-,-) 
  div_38_50_g24563/Y   -       B->Y    F     NAND2X2        2   3.1    88    77    6260    (-,-) 
  div_38_50_g24562/Y   -       A->Y    R     CLKINVX3       2   4.5    39    50    6310    (-,-) 
  div_38_50_g24553/Y   -       A1->Y   F     AOI21X4        1   3.2    70    59    6369    (-,-) 
  div_38_50_g24540/Y   -       B0->Y   R     AOI2BB1X4      7   9.3   102    84    6452    (-,-) 
  div_38_50_g24524/CON -       CI->CON F     ACHCONX2       1   2.2   150   102    6555    (-,-) 
  div_38_50_g24515/CO  -       CI->CO  F     ADDFHX1        1   2.2    79   198    6753    (-,-) 
  div_38_50_g24511/CO  -       CI->CO  F     ADDFHX1        1   2.2    80   175    6928    (-,-) 
  div_38_50_g24507/CO  -       CI->CO  F     ADDFHX1        1   2.2    80   175    7103    (-,-) 
  div_38_50_g24502/CO  -       CI->CO  F     ADDFHX1        1   2.2    80   175    7279    (-,-) 
  div_38_50_g24495/CO  -       CI->CO  F     ADDFHX1        1   2.2    80   175    7454    (-,-) 
  div_38_50_g24487/CO  -       CI->CO  F     ADDFHX1        1   2.2    80   175    7629    (-,-) 
  div_38_50_g24483/CO  -       CI->CO  F     ADDFHX1        2   1.7    72   171    7800    (-,-) 
  div_38_50_g25115/Y   -       B0->Y   F     OA21X4         1   2.8    50    99    7899    (-,-) 
  div_38_50_g24475/Y   -       C0->Y   R     AOI211X4       1   6.1   136    83    7982    (-,-) 
  div_38_50_g24474/Y   -       B->Y    F     NOR2X8         3  12.1    58    70    8052    (-,-) 
  div_38_50_g24467/Y   -       B->Y    R     NAND2X8        2  13.9    51    43    8095    (-,-) 
  div_38_50_g24447/Y   -       A2->Y   F     AOI31X4        1   2.9   121    92    8187    (-,-) 
  div_38_50_g24431/Y   -       B0->Y   R     AOI21X4        7   9.3   107    93    8280    (-,-) 
  div_38_50_g24410/CON -       CI->CON F     ACHCONX2       1   2.2   150   104    8384    (-,-) 
  div_38_50_g24399/CO  -       CI->CO  F     ADDFHX2        1   2.2    66   202    8586    (-,-) 
  div_38_50_g24394/CO  -       CI->CO  F     ADDFHX2        1   2.2    66   174    8760    (-,-) 
  div_38_50_g24389/CO  -       CI->CO  F     ADDFHX2        1   2.2    66   174    8934    (-,-) 
  div_38_50_g24384/CO  -       CI->CO  F     ADDFHX2        1   2.2    66   174    9108    (-,-) 
  div_38_50_g24377/CO  -       CI->CO  F     ADDFHX2        1   2.2    66   174    9282    (-,-) 
  div_38_50_g24367/CO  -       CI->CO  F     ADDFHX2        1   2.2    66   174    9455    (-,-) 
  div_38_50_g24358/CO  -       CI->CO  F     ADDFHX2        1   2.2    66   174    9629    (-,-) 
  div_38_50_g24354/CO  -       CI->CO  F     ADDFHX2        1   2.2    66   174    9803    (-,-) 
  div_38_50_g24347/CO  -       CI->CO  F     ADDFHX2        1   2.8    71   176    9980    (-,-) 
  div_38_50_g24346/Y   -       A->Y    R     CLKINVX4       2   4.4    31    40   10020    (-,-) 
  div_38_50_g24341/Y   -       A1->Y   F     OAI221X4       1   6.1   175   137   10156    (-,-) 
  div_38_50_g24339/Y   -       B->Y    R     NAND2X8        6  24.1    86    89   10246    (-,-) 
  div_38_50_g24338/Y   -       A->Y    F     CLKINVX16     11  34.9    54    58   10303    (-,-) 
  div_38_50_g24330/Y   -       A->Y    R     NAND2X8       10  25.6    77    55   10358    (-,-) 
  div_38_50_g24321/Y   -       B1->Y   F     OAI222X4       1   2.9   164   143   10501    (-,-) 
  div_38_50_g24309/Y   -       B0->Y   R     AOI21X4        3  13.2   142   122   10623    (-,-) 
  div_38_50_g24303/Y   -       A->Y    F     CLKINVX12      5  15.4    54    68   10690    (-,-) 
  div_38_50_g24265/Y   -       A1->Y   R     OAI22X4        2   4.6   110    69   10760    (-,-) 
  div_38_50_g24208/Y   -       B0->Y   F     OAI222X4       1   2.8   163   169   10928    (-,-) 
  div_38_50_g24202/Y   -       B0->Y   R     AOI31X4        1   3.1    78    91   11019    (-,-) 
  div_38_50_g24197/Y   -       A1->Y   F     OAI221X4       1   3.1   140   134   11154    (-,-) 
  div_38_50_g24195/Y   -       C1->Y   R     AOI222X4       1   3.1   145   107   11261    (-,-) 
  div_38_50_g24193/Y   -       B1->Y   F     OAI22X4        1   1.5    74    88   11349    (-,-) 
  g16097/Y             -       A->Y    R     CLKINVX2       1   1.6    24    39   11387    (-,-) 
  g15636__2398/Y       -       A1->Y   F     OAI21X2        1   0.7    54    46   11433    (-,-) 
  result_reg[0]25/D    <<<     -       F     DFFHQX1        1     -     -     0   11433    (-,-) 
#------------------------------------------------------------------------------------------------

