###############################################################
#  Generated by:      Cadence Innovus 21.15-s110_1
#  OS:                Linux x86_64(Host ID user3.nielitchennai.edu.in)
#  Generated on:      Fri Apr 25 12:42:11 2025
#  Design:            calculator_fsm
#  Command:           report_ccopt_skew_groups -file skew_groups.rpt
###############################################################

Skew Group Structure:
=====================

-----------------------------------------------------------------
Skew Group    Sources    Constrained Sinks    Unconstrained Sinks
-----------------------------------------------------------------
clk/SDC          1              34                     0
-----------------------------------------------------------------

Skew Group Summary:
===================

------------------------------------------------------------------------------------------------------------------------------------------------------------
Timing Corner      Skew Group    ID Target    Min ID    Max ID    Avg ID    Std.Dev. ID    Skew Target Type    Skew Target    Skew     Skew window occupancy
------------------------------------------------------------------------------------------------------------------------------------------------------------
MIN:setup.early    clk/SDC           -        0.002     0.008     0.006        0.002       ignored                  -         0.006              -
MIN:setup.late     clk/SDC       none         0.002     0.008     0.006        0.002       auto computed        0.046         0.006    100% {0.002, 0.008}
MAX:hold.early     clk/SDC           -        0.002     0.008     0.005        0.002       ignored                  -         0.006              -
MAX:hold.late      clk/SDC           -        0.002     0.008     0.005        0.002       ignored                  -         0.006              -
------------------------------------------------------------------------------------------------------------------------------------------------------------

* - indicates that target was not met.

Skew Group Min/Max path pins:
=============================

---------------------------------------------------------------------
Timing Corner      Skew Group    Min ID    PathID    Max ID    PathID
---------------------------------------------------------------------
MIN:setup.early    clk/SDC       0.002       1       0.008       2
-    min result_reg[21]46/CK
-    max state_reg[1]/CK
MIN:setup.late     clk/SDC       0.002       3       0.008       4
-    min result_reg[21]46/CK
-    max state_reg[1]/CK
MAX:hold.early     clk/SDC       0.002       5       0.008       6
-    min result_reg[27]52/CK
-    max state_reg[1]/CK
MAX:hold.late      clk/SDC       0.002       7       0.008       8
-    min result_reg[27]52/CK
-    max state_reg[1]/CK
---------------------------------------------------------------------

Timing for timing corner MIN:setup.early, min clock_path:
=========================================================

PathID    : 1
Path type : skew group clk/SDC (path 1 of 1)
Start     : clk
End       : result_reg[21]46/CK
Delay     : 0.002

----------------------------------------------------------------------------------------------
Name  Lib cell  Event  Incr   Arrival  Slew   Cap    Location         Distance  Fanout  Status
                       (ns)   (ns)     (ns)   (pF)                    (um)              
-- Clockpath trace ---------------------------------------------------------------------------
clk
-     -         rise   -       0.000   0.100  0.048  (0.000,108.895)  -           34    
result_reg[21]46/CK
-     DFFHQX1   rise   0.002   0.002   0.101  -      (8.635,107.877)   9.652    -       
----------------------------------------------------------------------------------------------

Timing for timing corner MIN:setup.early, max clock_path:
=========================================================

PathID    : 2
Path type : skew group clk/SDC (path 1 of 1)
Start     : clk
End       : done_reg77/CK
Delay     : 0.008

-----------------------------------------------------------------------------------------------
Name  Lib cell  Event  Incr   Arrival  Slew   Cap    Location          Distance  Fanout  Status
                       (ns)   (ns)     (ns)   (pF)                     (um)              
-- Clockpath trace ----------------------------------------------------------------------------
clk
-     -         rise   -       0.000   0.100  0.048  (0.000,108.895)   -           34    
done_reg77/CK
-     DFFHQX1   rise   0.008   0.008   0.101  -      (69.635,138.657)   99.397   -       
-----------------------------------------------------------------------------------------------

Timing for timing corner MIN:setup.late, min clock_path:
========================================================

PathID    : 3
Path type : skew group clk/SDC (path 1 of 1)
Start     : clk
End       : result_reg[21]46/CK
Delay     : 0.002

----------------------------------------------------------------------------------------------
Name  Lib cell  Event  Incr   Arrival  Slew   Cap    Location         Distance  Fanout  Status
                       (ns)   (ns)     (ns)   (pF)                    (um)              
-- Clockpath trace ---------------------------------------------------------------------------
clk
-     -         rise   -       0.000   0.100  0.048  (0.000,108.895)  -           34    
result_reg[21]46/CK
-     DFFHQX1   rise   0.002   0.002   0.101  -      (8.635,107.877)   9.652    -       
----------------------------------------------------------------------------------------------

Timing for timing corner MIN:setup.late, max clock_path:
========================================================

PathID    : 4
Path type : skew group clk/SDC (path 1 of 1)
Start     : clk
End       : done_reg77/CK
Delay     : 0.008

-----------------------------------------------------------------------------------------------
Name  Lib cell  Event  Incr   Arrival  Slew   Cap    Location          Distance  Fanout  Status
                       (ns)   (ns)     (ns)   (pF)                     (um)              
-- Clockpath trace ----------------------------------------------------------------------------
clk
-     -         rise   -       0.000   0.100  0.048  (0.000,108.895)   -           34    
done_reg77/CK
-     DFFHQX1   rise   0.008   0.008   0.101  -      (69.635,138.657)   99.397   -       
-----------------------------------------------------------------------------------------------

Timing for timing corner MAX:hold.early, min clock_path:
========================================================

PathID    : 5
Path type : skew group clk/SDC (path 1 of 1)
Start     : clk
End       : result_reg[27]52/CK
Delay     : 0.002

----------------------------------------------------------------------------------------------
Name  Lib cell  Event  Incr   Arrival  Slew   Cap    Location         Distance  Fanout  Status
                       (ns)   (ns)     (ns)   (pF)                    (um)              
-- Clockpath trace ---------------------------------------------------------------------------
clk
-     -         rise   -       0.000   0.100  0.046  (0.000,108.895)  -           34    
result_reg[27]52/CK
-     DFFHQX1   rise   0.002   0.002   0.101  -      (9.635,114.718)   15.457   -       
----------------------------------------------------------------------------------------------

Timing for timing corner MAX:hold.early, max clock_path:
========================================================

PathID    : 6
Path type : skew group clk/SDC (path 1 of 1)
Start     : clk
End       : done_reg77/CK
Delay     : 0.008

-----------------------------------------------------------------------------------------------
Name  Lib cell  Event  Incr   Arrival  Slew   Cap    Location          Distance  Fanout  Status
                       (ns)   (ns)     (ns)   (pF)                     (um)              
-- Clockpath trace ----------------------------------------------------------------------------
clk
-     -         rise   -       0.000   0.100  0.046  (0.000,108.895)   -           34    
done_reg77/CK
-     DFFHQX1   rise   0.008   0.008   0.101  -      (69.635,138.657)   99.397   -       
-----------------------------------------------------------------------------------------------

Timing for timing corner MAX:hold.late, min clock_path:
=======================================================

PathID    : 7
Path type : skew group clk/SDC (path 1 of 1)
Start     : clk
End       : result_reg[27]52/CK
Delay     : 0.002

----------------------------------------------------------------------------------------------
Name  Lib cell  Event  Incr   Arrival  Slew   Cap    Location         Distance  Fanout  Status
                       (ns)   (ns)     (ns)   (pF)                    (um)              
-- Clockpath trace ---------------------------------------------------------------------------
clk
-     -         rise   -       0.000   0.100  0.046  (0.000,108.895)  -           34    
result_reg[27]52/CK
-     DFFHQX1   rise   0.002   0.002   0.101  -      (9.635,114.718)   15.457   -       
----------------------------------------------------------------------------------------------

Timing for timing corner MAX:hold.late, max clock_path:
=======================================================

PathID    : 8
Path type : skew group clk/SDC (path 1 of 1)
Start     : clk
End       : done_reg77/CK
Delay     : 0.008

-----------------------------------------------------------------------------------------------
Name  Lib cell  Event  Incr   Arrival  Slew   Cap    Location          Distance  Fanout  Status
                       (ns)   (ns)     (ns)   (pF)                     (um)              
-- Clockpath trace ----------------------------------------------------------------------------
clk
-     -         rise   -       0.000   0.100  0.046  (0.000,108.895)   -           34    
done_reg77/CK
-     DFFHQX1   rise   0.008   0.008   0.101  -      (69.635,138.657)   99.397   -       
-----------------------------------------------------------------------------------------------

